<?xml version="1.0" encoding="UTF-8" ?>
<testsuite tests="6" failures="0" name="cardgame.CardTest" time="0.004" errors="0" skipped="0">
  <properties>
[...]
</properties>
  <testcase classname="cardgame.CardTest" name="faceCardsWorthTenPoints" time="0.003"/>
  <testcase classname="cardgame.CardTest" name="acesWorthOnePoint" time="0"/>
  <testcase classname="cardgame.CardTest" name="numericCardsWorthNumericPoints" time="0"/>
  <testcase classname="cardgame.CardTest" name="deckHasThirteenOfEachSuit" time="0"/>
  <testcase classname="cardgame.CardTest" name="deckHasFiftyTwoCards" time="0"/>
  <testcase classname="cardgame.CardTest" name="eightsWorthFiftyPoints" time="0.001"/>
</testsuite>